Conv ['input.1', 'onnx::Conv_538', 'onnx::Conv_539'] ['/features/features.0/features.0.0/Conv_output_0']
Constant [] ['/features/features.0/features.0.2/Constant_output_0']
Constant [] ['/features/features.0/features.0.2/Constant_1_output_0']
Clip ['/features/features.0/features.0.0/Conv_output_0', '/features/features.0/features.0.2/Constant_output_0', '/features/features.0/features.0.2/Constant_1_output_0'] ['/features/features.0/features.0.2/Clip_output_0']
Conv ['/features/features.0/features.0.2/Clip_output_0', 'onnx::Conv_541', 'onnx::Conv_542'] ['/features/features.1/conv/conv.0/conv.0.0/Conv_output_0']
Constant [] ['/features/features.1/conv/conv.0/conv.0.2/Constant_output_0']
Constant [] ['/features/features.1/conv/conv.0/conv.0.2/Constant_1_output_0']
Clip ['/features/features.1/conv/conv.0/conv.0.0/Conv_output_0', '/features/features.1/conv/conv.0/conv.0.2/Constant_output_0', '/features/features.1/conv/conv.0/conv.0.2/Constant_1_output_0'] ['/features/features.1/conv/conv.0/conv.0.2/Clip_output_0']
Conv ['/features/features.1/conv/conv.0/conv.0.2/Clip_output_0', 'onnx::Conv_544', 'onnx::Conv_545'] ['/features/features.1/conv/conv.1/Conv_output_0']
Conv ['/features/features.1/conv/conv.1/Conv_output_0', 'onnx::Conv_547', 'onnx::Conv_548'] ['/features/features.2/conv/conv.0/conv.0.0/Conv_output_0']
Constant [] ['/features/features.2/conv/conv.0/conv.0.2/Constant_output_0']
Constant [] ['/features/features.2/conv/conv.0/conv.0.2/Constant_1_output_0']
Clip ['/features/features.2/conv/conv.0/conv.0.0/Conv_output_0', '/features/features.2/conv/conv.0/conv.0.2/Constant_output_0', '/features/features.2/conv/conv.0/conv.0.2/Constant_1_output_0'] ['/features/features.2/conv/conv.0/conv.0.2/Clip_output_0']
Conv ['/features/features.2/conv/conv.0/conv.0.2/Clip_output_0', 'onnx::Conv_550', 'onnx::Conv_551'] ['/features/features.2/conv/conv.1/conv.1.0/Conv_output_0']
Constant [] ['/features/features.2/conv/conv.1/conv.1.2/Constant_output_0']
Constant [] ['/features/features.2/conv/conv.1/conv.1.2/Constant_1_output_0']
Clip ['/features/features.2/conv/conv.1/conv.1.0/Conv_output_0', '/features/features.2/conv/conv.1/conv.1.2/Constant_output_0', '/features/features.2/conv/conv.1/conv.1.2/Constant_1_output_0'] ['/features/features.2/conv/conv.1/conv.1.2/Clip_output_0']
Conv ['/features/features.2/conv/conv.1/conv.1.2/Clip_output_0', 'onnx::Conv_553', 'onnx::Conv_554'] ['/features/features.2/conv/conv.2/Conv_output_0']
Conv ['/features/features.2/conv/conv.2/Conv_output_0', 'onnx::Conv_556', 'onnx::Conv_557'] ['/features/features.3/conv/conv.0/conv.0.0/Conv_output_0']
Constant [] ['/features/features.3/conv/conv.0/conv.0.2/Constant_output_0']
Constant [] ['/features/features.3/conv/conv.0/conv.0.2/Constant_1_output_0']
Clip ['/features/features.3/conv/conv.0/conv.0.0/Conv_output_0', '/features/features.3/conv/conv.0/conv.0.2/Constant_output_0', '/features/features.3/conv/conv.0/conv.0.2/Constant_1_output_0'] ['/features/features.3/conv/conv.0/conv.0.2/Clip_output_0']
Conv ['/features/features.3/conv/conv.0/conv.0.2/Clip_output_0', 'onnx::Conv_559', 'onnx::Conv_560'] ['/features/features.3/conv/conv.1/conv.1.0/Conv_output_0']
Constant [] ['/features/features.3/conv/conv.1/conv.1.2/Constant_output_0']
Constant [] ['/features/features.3/conv/conv.1/conv.1.2/Constant_1_output_0']
Clip ['/features/features.3/conv/conv.1/conv.1.0/Conv_output_0', '/features/features.3/conv/conv.1/conv.1.2/Constant_output_0', '/features/features.3/conv/conv.1/conv.1.2/Constant_1_output_0'] ['/features/features.3/conv/conv.1/conv.1.2/Clip_output_0']
Conv ['/features/features.3/conv/conv.1/conv.1.2/Clip_output_0', 'onnx::Conv_562', 'onnx::Conv_563'] ['/features/features.3/conv/conv.2/Conv_output_0']
Add ['/features/features.2/conv/conv.2/Conv_output_0', '/features/features.3/conv/conv.2/Conv_output_0'] ['/features/features.3/Add_output_0']
Conv ['/features/features.3/Add_output_0', 'onnx::Conv_565', 'onnx::Conv_566'] ['/features/features.4/conv/conv.0/conv.0.0/Conv_output_0']
Constant [] ['/features/features.4/conv/conv.0/conv.0.2/Constant_output_0']
Constant [] ['/features/features.4/conv/conv.0/conv.0.2/Constant_1_output_0']
Clip ['/features/features.4/conv/conv.0/conv.0.0/Conv_output_0', '/features/features.4/conv/conv.0/conv.0.2/Constant_output_0', '/features/features.4/conv/conv.0/conv.0.2/Constant_1_output_0'] ['/features/features.4/conv/conv.0/conv.0.2/Clip_output_0']
Conv ['/features/features.4/conv/conv.0/conv.0.2/Clip_output_0', 'onnx::Conv_568', 'onnx::Conv_569'] ['/features/features.4/conv/conv.1/conv.1.0/Conv_output_0']
Constant [] ['/features/features.4/conv/conv.1/conv.1.2/Constant_output_0']
Constant [] ['/features/features.4/conv/conv.1/conv.1.2/Constant_1_output_0']
Clip ['/features/features.4/conv/conv.1/conv.1.0/Conv_output_0', '/features/features.4/conv/conv.1/conv.1.2/Constant_output_0', '/features/features.4/conv/conv.1/conv.1.2/Constant_1_output_0'] ['/features/features.4/conv/conv.1/conv.1.2/Clip_output_0']
Conv ['/features/features.4/conv/conv.1/conv.1.2/Clip_output_0', 'onnx::Conv_571', 'onnx::Conv_572'] ['/features/features.4/conv/conv.2/Conv_output_0']
Conv ['/features/features.4/conv/conv.2/Conv_output_0', 'onnx::Conv_574', 'onnx::Conv_575'] ['/features/features.5/conv/conv.0/conv.0.0/Conv_output_0']
Constant [] ['/features/features.5/conv/conv.0/conv.0.2/Constant_output_0']
Constant [] ['/features/features.5/conv/conv.0/conv.0.2/Constant_1_output_0']
Clip ['/features/features.5/conv/conv.0/conv.0.0/Conv_output_0', '/features/features.5/conv/conv.0/conv.0.2/Constant_output_0', '/features/features.5/conv/conv.0/conv.0.2/Constant_1_output_0'] ['/features/features.5/conv/conv.0/conv.0.2/Clip_output_0']
Conv ['/features/features.5/conv/conv.0/conv.0.2/Clip_output_0', 'onnx::Conv_577', 'onnx::Conv_578'] ['/features/features.5/conv/conv.1/conv.1.0/Conv_output_0']
Constant [] ['/features/features.5/conv/conv.1/conv.1.2/Constant_output_0']
Constant [] ['/features/features.5/conv/conv.1/conv.1.2/Constant_1_output_0']
Clip ['/features/features.5/conv/conv.1/conv.1.0/Conv_output_0', '/features/features.5/conv/conv.1/conv.1.2/Constant_output_0', '/features/features.5/conv/conv.1/conv.1.2/Constant_1_output_0'] ['/features/features.5/conv/conv.1/conv.1.2/Clip_output_0']
Conv ['/features/features.5/conv/conv.1/conv.1.2/Clip_output_0', 'onnx::Conv_580', 'onnx::Conv_581'] ['/features/features.5/conv/conv.2/Conv_output_0']
Add ['/features/features.4/conv/conv.2/Conv_output_0', '/features/features.5/conv/conv.2/Conv_output_0'] ['/features/features.5/Add_output_0']
Conv ['/features/features.5/Add_output_0', 'onnx::Conv_583', 'onnx::Conv_584'] ['/features/features.6/conv/conv.0/conv.0.0/Conv_output_0']
Constant [] ['/features/features.6/conv/conv.0/conv.0.2/Constant_output_0']
Constant [] ['/features/features.6/conv/conv.0/conv.0.2/Constant_1_output_0']
Clip ['/features/features.6/conv/conv.0/conv.0.0/Conv_output_0', '/features/features.6/conv/conv.0/conv.0.2/Constant_output_0', '/features/features.6/conv/conv.0/conv.0.2/Constant_1_output_0'] ['/features/features.6/conv/conv.0/conv.0.2/Clip_output_0']
Conv ['/features/features.6/conv/conv.0/conv.0.2/Clip_output_0', 'onnx::Conv_586', 'onnx::Conv_587'] ['/features/features.6/conv/conv.1/conv.1.0/Conv_output_0']
Constant [] ['/features/features.6/conv/conv.1/conv.1.2/Constant_output_0']
Constant [] ['/features/features.6/conv/conv.1/conv.1.2/Constant_1_output_0']
Clip ['/features/features.6/conv/conv.1/conv.1.0/Conv_output_0', '/features/features.6/conv/conv.1/conv.1.2/Constant_output_0', '/features/features.6/conv/conv.1/conv.1.2/Constant_1_output_0'] ['/features/features.6/conv/conv.1/conv.1.2/Clip_output_0']
Conv ['/features/features.6/conv/conv.1/conv.1.2/Clip_output_0', 'onnx::Conv_589', 'onnx::Conv_590'] ['/features/features.6/conv/conv.2/Conv_output_0']
Add ['/features/features.5/Add_output_0', '/features/features.6/conv/conv.2/Conv_output_0'] ['/features/features.6/Add_output_0']
Conv ['/features/features.6/Add_output_0', 'onnx::Conv_592', 'onnx::Conv_593'] ['/features/features.7/conv/conv.0/conv.0.0/Conv_output_0']
Constant [] ['/features/features.7/conv/conv.0/conv.0.2/Constant_output_0']
Constant [] ['/features/features.7/conv/conv.0/conv.0.2/Constant_1_output_0']
Clip ['/features/features.7/conv/conv.0/conv.0.0/Conv_output_0', '/features/features.7/conv/conv.0/conv.0.2/Constant_output_0', '/features/features.7/conv/conv.0/conv.0.2/Constant_1_output_0'] ['/features/features.7/conv/conv.0/conv.0.2/Clip_output_0']
Conv ['/features/features.7/conv/conv.0/conv.0.2/Clip_output_0', 'onnx::Conv_595', 'onnx::Conv_596'] ['/features/features.7/conv/conv.1/conv.1.0/Conv_output_0']
Constant [] ['/features/features.7/conv/conv.1/conv.1.2/Constant_output_0']
Constant [] ['/features/features.7/conv/conv.1/conv.1.2/Constant_1_output_0']
Clip ['/features/features.7/conv/conv.1/conv.1.0/Conv_output_0', '/features/features.7/conv/conv.1/conv.1.2/Constant_output_0', '/features/features.7/conv/conv.1/conv.1.2/Constant_1_output_0'] ['/features/features.7/conv/conv.1/conv.1.2/Clip_output_0']
Conv ['/features/features.7/conv/conv.1/conv.1.2/Clip_output_0', 'onnx::Conv_598', 'onnx::Conv_599'] ['/features/features.7/conv/conv.2/Conv_output_0']
Conv ['/features/features.7/conv/conv.2/Conv_output_0', 'onnx::Conv_601', 'onnx::Conv_602'] ['/features/features.8/conv/conv.0/conv.0.0/Conv_output_0']
Constant [] ['/features/features.8/conv/conv.0/conv.0.2/Constant_output_0']
Constant [] ['/features/features.8/conv/conv.0/conv.0.2/Constant_1_output_0']
Clip ['/features/features.8/conv/conv.0/conv.0.0/Conv_output_0', '/features/features.8/conv/conv.0/conv.0.2/Constant_output_0', '/features/features.8/conv/conv.0/conv.0.2/Constant_1_output_0'] ['/features/features.8/conv/conv.0/conv.0.2/Clip_output_0']
Conv ['/features/features.8/conv/conv.0/conv.0.2/Clip_output_0', 'onnx::Conv_604', 'onnx::Conv_605'] ['/features/features.8/conv/conv.1/conv.1.0/Conv_output_0']
Constant [] ['/features/features.8/conv/conv.1/conv.1.2/Constant_output_0']
Constant [] ['/features/features.8/conv/conv.1/conv.1.2/Constant_1_output_0']
Clip ['/features/features.8/conv/conv.1/conv.1.0/Conv_output_0', '/features/features.8/conv/conv.1/conv.1.2/Constant_output_0', '/features/features.8/conv/conv.1/conv.1.2/Constant_1_output_0'] ['/features/features.8/conv/conv.1/conv.1.2/Clip_output_0']
Conv ['/features/features.8/conv/conv.1/conv.1.2/Clip_output_0', 'onnx::Conv_607', 'onnx::Conv_608'] ['/features/features.8/conv/conv.2/Conv_output_0']
Add ['/features/features.7/conv/conv.2/Conv_output_0', '/features/features.8/conv/conv.2/Conv_output_0'] ['/features/features.8/Add_output_0']
Conv ['/features/features.8/Add_output_0', 'onnx::Conv_610', 'onnx::Conv_611'] ['/features/features.9/conv/conv.0/conv.0.0/Conv_output_0']
Constant [] ['/features/features.9/conv/conv.0/conv.0.2/Constant_output_0']
Constant [] ['/features/features.9/conv/conv.0/conv.0.2/Constant_1_output_0']
Clip ['/features/features.9/conv/conv.0/conv.0.0/Conv_output_0', '/features/features.9/conv/conv.0/conv.0.2/Constant_output_0', '/features/features.9/conv/conv.0/conv.0.2/Constant_1_output_0'] ['/features/features.9/conv/conv.0/conv.0.2/Clip_output_0']
Conv ['/features/features.9/conv/conv.0/conv.0.2/Clip_output_0', 'onnx::Conv_613', 'onnx::Conv_614'] ['/features/features.9/conv/conv.1/conv.1.0/Conv_output_0']
Constant [] ['/features/features.9/conv/conv.1/conv.1.2/Constant_output_0']
Constant [] ['/features/features.9/conv/conv.1/conv.1.2/Constant_1_output_0']
Clip ['/features/features.9/conv/conv.1/conv.1.0/Conv_output_0', '/features/features.9/conv/conv.1/conv.1.2/Constant_output_0', '/features/features.9/conv/conv.1/conv.1.2/Constant_1_output_0'] ['/features/features.9/conv/conv.1/conv.1.2/Clip_output_0']
Conv ['/features/features.9/conv/conv.1/conv.1.2/Clip_output_0', 'onnx::Conv_616', 'onnx::Conv_617'] ['/features/features.9/conv/conv.2/Conv_output_0']
Add ['/features/features.8/Add_output_0', '/features/features.9/conv/conv.2/Conv_output_0'] ['/features/features.9/Add_output_0']
Conv ['/features/features.9/Add_output_0', 'onnx::Conv_619', 'onnx::Conv_620'] ['/features/features.10/conv/conv.0/conv.0.0/Conv_output_0']
Constant [] ['/features/features.10/conv/conv.0/conv.0.2/Constant_output_0']
Constant [] ['/features/features.10/conv/conv.0/conv.0.2/Constant_1_output_0']
Clip ['/features/features.10/conv/conv.0/conv.0.0/Conv_output_0', '/features/features.10/conv/conv.0/conv.0.2/Constant_output_0', '/features/features.10/conv/conv.0/conv.0.2/Constant_1_output_0'] ['/features/features.10/conv/conv.0/conv.0.2/Clip_output_0']
Conv ['/features/features.10/conv/conv.0/conv.0.2/Clip_output_0', 'onnx::Conv_622', 'onnx::Conv_623'] ['/features/features.10/conv/conv.1/conv.1.0/Conv_output_0']
Constant [] ['/features/features.10/conv/conv.1/conv.1.2/Constant_output_0']
Constant [] ['/features/features.10/conv/conv.1/conv.1.2/Constant_1_output_0']
Clip ['/features/features.10/conv/conv.1/conv.1.0/Conv_output_0', '/features/features.10/conv/conv.1/conv.1.2/Constant_output_0', '/features/features.10/conv/conv.1/conv.1.2/Constant_1_output_0'] ['/features/features.10/conv/conv.1/conv.1.2/Clip_output_0']
Conv ['/features/features.10/conv/conv.1/conv.1.2/Clip_output_0', 'onnx::Conv_625', 'onnx::Conv_626'] ['/features/features.10/conv/conv.2/Conv_output_0']
Add ['/features/features.9/Add_output_0', '/features/features.10/conv/conv.2/Conv_output_0'] ['/features/features.10/Add_output_0']
Conv ['/features/features.10/Add_output_0', 'onnx::Conv_628', 'onnx::Conv_629'] ['/features/features.11/conv/conv.0/conv.0.0/Conv_output_0']
Constant [] ['/features/features.11/conv/conv.0/conv.0.2/Constant_output_0']
Constant [] ['/features/features.11/conv/conv.0/conv.0.2/Constant_1_output_0']
Clip ['/features/features.11/conv/conv.0/conv.0.0/Conv_output_0', '/features/features.11/conv/conv.0/conv.0.2/Constant_output_0', '/features/features.11/conv/conv.0/conv.0.2/Constant_1_output_0'] ['/features/features.11/conv/conv.0/conv.0.2/Clip_output_0']
Conv ['/features/features.11/conv/conv.0/conv.0.2/Clip_output_0', 'onnx::Conv_631', 'onnx::Conv_632'] ['/features/features.11/conv/conv.1/conv.1.0/Conv_output_0']
Constant [] ['/features/features.11/conv/conv.1/conv.1.2/Constant_output_0']
Constant [] ['/features/features.11/conv/conv.1/conv.1.2/Constant_1_output_0']
Clip ['/features/features.11/conv/conv.1/conv.1.0/Conv_output_0', '/features/features.11/conv/conv.1/conv.1.2/Constant_output_0', '/features/features.11/conv/conv.1/conv.1.2/Constant_1_output_0'] ['/features/features.11/conv/conv.1/conv.1.2/Clip_output_0']
Conv ['/features/features.11/conv/conv.1/conv.1.2/Clip_output_0', 'onnx::Conv_634', 'onnx::Conv_635'] ['/features/features.11/conv/conv.2/Conv_output_0']
Conv ['/features/features.11/conv/conv.2/Conv_output_0', 'onnx::Conv_637', 'onnx::Conv_638'] ['/features/features.12/conv/conv.0/conv.0.0/Conv_output_0']
Constant [] ['/features/features.12/conv/conv.0/conv.0.2/Constant_output_0']
Constant [] ['/features/features.12/conv/conv.0/conv.0.2/Constant_1_output_0']
Clip ['/features/features.12/conv/conv.0/conv.0.0/Conv_output_0', '/features/features.12/conv/conv.0/conv.0.2/Constant_output_0', '/features/features.12/conv/conv.0/conv.0.2/Constant_1_output_0'] ['/features/features.12/conv/conv.0/conv.0.2/Clip_output_0']
Conv ['/features/features.12/conv/conv.0/conv.0.2/Clip_output_0', 'onnx::Conv_640', 'onnx::Conv_641'] ['/features/features.12/conv/conv.1/conv.1.0/Conv_output_0']
Constant [] ['/features/features.12/conv/conv.1/conv.1.2/Constant_output_0']
Constant [] ['/features/features.12/conv/conv.1/conv.1.2/Constant_1_output_0']
Clip ['/features/features.12/conv/conv.1/conv.1.0/Conv_output_0', '/features/features.12/conv/conv.1/conv.1.2/Constant_output_0', '/features/features.12/conv/conv.1/conv.1.2/Constant_1_output_0'] ['/features/features.12/conv/conv.1/conv.1.2/Clip_output_0']
Conv ['/features/features.12/conv/conv.1/conv.1.2/Clip_output_0', 'onnx::Conv_643', 'onnx::Conv_644'] ['/features/features.12/conv/conv.2/Conv_output_0']
Add ['/features/features.11/conv/conv.2/Conv_output_0', '/features/features.12/conv/conv.2/Conv_output_0'] ['/features/features.12/Add_output_0']
Conv ['/features/features.12/Add_output_0', 'onnx::Conv_646', 'onnx::Conv_647'] ['/features/features.13/conv/conv.0/conv.0.0/Conv_output_0']
Constant [] ['/features/features.13/conv/conv.0/conv.0.2/Constant_output_0']
Constant [] ['/features/features.13/conv/conv.0/conv.0.2/Constant_1_output_0']
Clip ['/features/features.13/conv/conv.0/conv.0.0/Conv_output_0', '/features/features.13/conv/conv.0/conv.0.2/Constant_output_0', '/features/features.13/conv/conv.0/conv.0.2/Constant_1_output_0'] ['/features/features.13/conv/conv.0/conv.0.2/Clip_output_0']
Conv ['/features/features.13/conv/conv.0/conv.0.2/Clip_output_0', 'onnx::Conv_649', 'onnx::Conv_650'] ['/features/features.13/conv/conv.1/conv.1.0/Conv_output_0']
Constant [] ['/features/features.13/conv/conv.1/conv.1.2/Constant_output_0']
Constant [] ['/features/features.13/conv/conv.1/conv.1.2/Constant_1_output_0']
Clip ['/features/features.13/conv/conv.1/conv.1.0/Conv_output_0', '/features/features.13/conv/conv.1/conv.1.2/Constant_output_0', '/features/features.13/conv/conv.1/conv.1.2/Constant_1_output_0'] ['/features/features.13/conv/conv.1/conv.1.2/Clip_output_0']
Conv ['/features/features.13/conv/conv.1/conv.1.2/Clip_output_0', 'onnx::Conv_652', 'onnx::Conv_653'] ['/features/features.13/conv/conv.2/Conv_output_0']
Add ['/features/features.12/Add_output_0', '/features/features.13/conv/conv.2/Conv_output_0'] ['/features/features.13/Add_output_0']
Conv ['/features/features.13/Add_output_0', 'onnx::Conv_655', 'onnx::Conv_656'] ['/features/features.14/conv/conv.0/conv.0.0/Conv_output_0']
Constant [] ['/features/features.14/conv/conv.0/conv.0.2/Constant_output_0']
Constant [] ['/features/features.14/conv/conv.0/conv.0.2/Constant_1_output_0']
Clip ['/features/features.14/conv/conv.0/conv.0.0/Conv_output_0', '/features/features.14/conv/conv.0/conv.0.2/Constant_output_0', '/features/features.14/conv/conv.0/conv.0.2/Constant_1_output_0'] ['/features/features.14/conv/conv.0/conv.0.2/Clip_output_0']
Conv ['/features/features.14/conv/conv.0/conv.0.2/Clip_output_0', 'onnx::Conv_658', 'onnx::Conv_659'] ['/features/features.14/conv/conv.1/conv.1.0/Conv_output_0']
Constant [] ['/features/features.14/conv/conv.1/conv.1.2/Constant_output_0']
Constant [] ['/features/features.14/conv/conv.1/conv.1.2/Constant_1_output_0']
Clip ['/features/features.14/conv/conv.1/conv.1.0/Conv_output_0', '/features/features.14/conv/conv.1/conv.1.2/Constant_output_0', '/features/features.14/conv/conv.1/conv.1.2/Constant_1_output_0'] ['/features/features.14/conv/conv.1/conv.1.2/Clip_output_0']
Conv ['/features/features.14/conv/conv.1/conv.1.2/Clip_output_0', 'onnx::Conv_661', 'onnx::Conv_662'] ['/features/features.14/conv/conv.2/Conv_output_0']
Conv ['/features/features.14/conv/conv.2/Conv_output_0', 'onnx::Conv_664', 'onnx::Conv_665'] ['/features/features.15/conv/conv.0/conv.0.0/Conv_output_0']
Constant [] ['/features/features.15/conv/conv.0/conv.0.2/Constant_output_0']
Constant [] ['/features/features.15/conv/conv.0/conv.0.2/Constant_1_output_0']
Clip ['/features/features.15/conv/conv.0/conv.0.0/Conv_output_0', '/features/features.15/conv/conv.0/conv.0.2/Constant_output_0', '/features/features.15/conv/conv.0/conv.0.2/Constant_1_output_0'] ['/features/features.15/conv/conv.0/conv.0.2/Clip_output_0']
Conv ['/features/features.15/conv/conv.0/conv.0.2/Clip_output_0', 'onnx::Conv_667', 'onnx::Conv_668'] ['/features/features.15/conv/conv.1/conv.1.0/Conv_output_0']
Constant [] ['/features/features.15/conv/conv.1/conv.1.2/Constant_output_0']
Constant [] ['/features/features.15/conv/conv.1/conv.1.2/Constant_1_output_0']
Clip ['/features/features.15/conv/conv.1/conv.1.0/Conv_output_0', '/features/features.15/conv/conv.1/conv.1.2/Constant_output_0', '/features/features.15/conv/conv.1/conv.1.2/Constant_1_output_0'] ['/features/features.15/conv/conv.1/conv.1.2/Clip_output_0']
Conv ['/features/features.15/conv/conv.1/conv.1.2/Clip_output_0', 'onnx::Conv_670', 'onnx::Conv_671'] ['/features/features.15/conv/conv.2/Conv_output_0']
Add ['/features/features.14/conv/conv.2/Conv_output_0', '/features/features.15/conv/conv.2/Conv_output_0'] ['/features/features.15/Add_output_0']
Conv ['/features/features.15/Add_output_0', 'onnx::Conv_673', 'onnx::Conv_674'] ['/features/features.16/conv/conv.0/conv.0.0/Conv_output_0']
Constant [] ['/features/features.16/conv/conv.0/conv.0.2/Constant_output_0']
Constant [] ['/features/features.16/conv/conv.0/conv.0.2/Constant_1_output_0']
Clip ['/features/features.16/conv/conv.0/conv.0.0/Conv_output_0', '/features/features.16/conv/conv.0/conv.0.2/Constant_output_0', '/features/features.16/conv/conv.0/conv.0.2/Constant_1_output_0'] ['/features/features.16/conv/conv.0/conv.0.2/Clip_output_0']
Conv ['/features/features.16/conv/conv.0/conv.0.2/Clip_output_0', 'onnx::Conv_676', 'onnx::Conv_677'] ['/features/features.16/conv/conv.1/conv.1.0/Conv_output_0']
Constant [] ['/features/features.16/conv/conv.1/conv.1.2/Constant_output_0']
Constant [] ['/features/features.16/conv/conv.1/conv.1.2/Constant_1_output_0']
Clip ['/features/features.16/conv/conv.1/conv.1.0/Conv_output_0', '/features/features.16/conv/conv.1/conv.1.2/Constant_output_0', '/features/features.16/conv/conv.1/conv.1.2/Constant_1_output_0'] ['/features/features.16/conv/conv.1/conv.1.2/Clip_output_0']
Conv ['/features/features.16/conv/conv.1/conv.1.2/Clip_output_0', 'onnx::Conv_679', 'onnx::Conv_680'] ['/features/features.16/conv/conv.2/Conv_output_0']
Add ['/features/features.15/Add_output_0', '/features/features.16/conv/conv.2/Conv_output_0'] ['/features/features.16/Add_output_0']
Conv ['/features/features.16/Add_output_0', 'onnx::Conv_682', 'onnx::Conv_683'] ['/features/features.17/conv/conv.0/conv.0.0/Conv_output_0']
Constant [] ['/features/features.17/conv/conv.0/conv.0.2/Constant_output_0']
Constant [] ['/features/features.17/conv/conv.0/conv.0.2/Constant_1_output_0']
Clip ['/features/features.17/conv/conv.0/conv.0.0/Conv_output_0', '/features/features.17/conv/conv.0/conv.0.2/Constant_output_0', '/features/features.17/conv/conv.0/conv.0.2/Constant_1_output_0'] ['/features/features.17/conv/conv.0/conv.0.2/Clip_output_0']
Conv ['/features/features.17/conv/conv.0/conv.0.2/Clip_output_0', 'onnx::Conv_685', 'onnx::Conv_686'] ['/features/features.17/conv/conv.1/conv.1.0/Conv_output_0']
Constant [] ['/features/features.17/conv/conv.1/conv.1.2/Constant_output_0']
Constant [] ['/features/features.17/conv/conv.1/conv.1.2/Constant_1_output_0']
Clip ['/features/features.17/conv/conv.1/conv.1.0/Conv_output_0', '/features/features.17/conv/conv.1/conv.1.2/Constant_output_0', '/features/features.17/conv/conv.1/conv.1.2/Constant_1_output_0'] ['/features/features.17/conv/conv.1/conv.1.2/Clip_output_0']
Conv ['/features/features.17/conv/conv.1/conv.1.2/Clip_output_0', 'onnx::Conv_688', 'onnx::Conv_689'] ['/features/features.17/conv/conv.2/Conv_output_0']
Conv ['/features/features.17/conv/conv.2/Conv_output_0', 'onnx::Conv_691', 'onnx::Conv_692'] ['/features/features.18/features.18.0/Conv_output_0']
Constant [] ['/features/features.18/features.18.2/Constant_output_0']
Constant [] ['/features/features.18/features.18.2/Constant_1_output_0']
Clip ['/features/features.18/features.18.0/Conv_output_0', '/features/features.18/features.18.2/Constant_output_0', '/features/features.18/features.18.2/Constant_1_output_0'] ['/features/features.18/features.18.2/Clip_output_0']
GlobalAveragePool ['/features/features.18/features.18.2/Clip_output_0'] ['/GlobalAveragePool_output_0']
Flatten ['/GlobalAveragePool_output_0'] ['/Flatten_output_0']
Gemm ['/Flatten_output_0', 'classifier.1.weight', 'classifier.1.bias'] ['536']
